<?xml version="1.0" encoding="UTF-8"?>
<!-- Generated by org.testng.reporters.JUnitXMLReporter -->
<testsuite hostname="suraj-PC" name="Edge Test" tests="1" failures="1" timestamp="27 Jun 2020 16:26:17 GMT" time="24.757" errors="0">
  <testcase name="updateEmail" time="12.774" classname="automation.stagetech.testCases.TC002_ProfileUpdate">
    <failure type="java.lang.AssertionError" message="expected [true] but found [false]">
      <![CDATA[java.lang.AssertionError: expected [true] but found [false]
	at automation.stagetech.testCases.TC002_ProfileUpdate.updateEmail(TC002_ProfileUpdate.java:119)
... Removed 28 stack frames]]>
    </failure>
  </testcase> <!-- updateEmail -->
</testsuite> <!-- Edge Test -->
